  file_bloodmoney_ini.c
  file.c
  file_botmen_ini.c
  file_comp_ini.c
  file_coop_ini.c
  file_curse_ini.c
  file_dogmod_ini.c
  file_genocide_ini.c
  file_godfather_ini.c
  file_gunrace_ini.c
  file_insanity_ini.c
  file_insomnia_ini.c
  file_kpq2_ini.c
  file_kpz_ini.c
  file_assault_ini.c
  file_botmatch_ini.c
  file_sgm_ini.c
  g_lan_play_settings.c
  file_hitmen_ini.c
  file_hitmen_teams_ini.c
  Generating Code...
  Compiling...
  g_hitmen_mod.c
  p_grapple.c
  g_ai.c
  g_cast.c
  g_chase.c
  g_cmds.c
  g_combat.c
  g_func.c
  g_items.c
  g_props.c
  g_main.c
  g_misc.c
  g_phys.c
  g_save.c
  g_spawn.c
  g_svcmds.c
  g_target.c
  g_teamplay.c
  g_trigger.c
  g_utils.c
  Generating Code...
  Compiling...
  g_weapon.c
  kooglebot_ai.c
  kooglebot_cmds.c
  kooglebot_compress.c
  kooglebot_items.c
  kooglebot_movement.c
  kooglebot_nodes.c
H:\Kingpin\Kingpin-Life-of-Crime-Multi-Mod-SDK\kooglebot_src\kooglebot_nodes.c(224,53): warning C4047: 'function': 'edict_t *' differs in levels of indirection from 'short'
H:\Kingpin\Kingpin-Life-of-Crime-Multi-Mod-SDK\kooglebot_src\kooglebot_nodes.c(224,49): warning C4024: 'KOOGLEND_FindClosestReachableNode': different types for formal and actual parameter 1
H:\Kingpin\Kingpin-Life-of-Crime-Multi-Mod-SDK\kooglebot_src\kooglebot_nodes.c(226,37): warning C4047: 'function': 'edict_t *' differs in levels of indirection from 'short'
H:\Kingpin\Kingpin-Life-of-Crime-Multi-Mod-SDK\kooglebot_src\kooglebot_nodes.c(226,33): warning C4024: 'KOOGLEND_AddNode': different types for formal and actual parameter 1
  kooglebot_spawn.c
  m_bbox.c
  m_move.c
  p_client.c
  p_hook.c
  p_hud.c
  p_view.c
  p_weapon.c
  q_shared.c
  tourney.c
  unlagged.c
  vehicles.c
  voice.c
  Generating Code...
  Compiling...
  voice_bitch.c
  voice_punk.c
  Generating Code...
E:\Programming Piles (x86)\Microsoft Visual Studio\2019\MSBuild\Microsoft\VC\v160\Microsoft.CppBuild.targets(1341,5): warning MSB8012: TargetPath(H:\Kingpin\gamex86.dll) does not match the Linker's OutputFile property value (H:\Kingpin\multi\gamex86.dll). This may cause your project to build incorrectly. To correct this, please make sure that $(OutDir), $(TargetName) and $(TargetExt) property values match the value specified in %(Link.OutputFile).
     Creating library .\Release\gamex86.lib and object .\Release\gamex86.exp
  game.vcxproj -> H:\Kingpin\gamex86.dll
