h:\kingpin\multi\gamesrc\release\vc142.pdb
h:\kingpin\multi\gamesrc\release\g_utils.obj
h:\kingpin\multi\gamesrc\release\g_trigger.obj
h:\kingpin\multi\gamesrc\release\g_teamplay.obj
h:\kingpin\multi\gamesrc\release\g_target.obj
h:\kingpin\multi\gamesrc\release\g_svcmds.obj
h:\kingpin\multi\gamesrc\release\g_spawn.obj
h:\kingpin\multi\gamesrc\release\g_save.obj
h:\kingpin\multi\gamesrc\release\g_phys.obj
h:\kingpin\multi\gamesrc\release\g_misc.obj
h:\kingpin\multi\gamesrc\release\g_main.obj
h:\kingpin\multi\gamesrc\release\g_props.obj
h:\kingpin\multi\gamesrc\release\g_items.obj
h:\kingpin\multi\gamesrc\release\g_hitmen_mod.obj
h:\kingpin\multi\gamesrc\release\g_func.obj
h:\kingpin\multi\gamesrc\release\g_combat.obj
h:\kingpin\multi\gamesrc\release\g_cmds.obj
h:\kingpin\multi\gamesrc\release\g_chase.obj
h:\kingpin\multi\gamesrc\release\g_cast.obj
h:\kingpin\multi\gamesrc\release\g_ai.obj
h:\kingpin\multi\gamesrc\release\file.obj
h:\kingpin\multi\gamesrc\release\voice.obj
h:\kingpin\multi\gamesrc\release\vehicles.obj
h:\kingpin\multi\gamesrc\release\unlagged.obj
h:\kingpin\multi\gamesrc\release\tourney.obj
h:\kingpin\multi\gamesrc\release\q_shared.obj
h:\kingpin\multi\gamesrc\release\p_weapon.obj
h:\kingpin\multi\gamesrc\release\p_view.obj
h:\kingpin\multi\gamesrc\release\p_hud.obj
h:\kingpin\multi\gamesrc\release\p_hook.obj
h:\kingpin\multi\gamesrc\release\p_client.obj
h:\kingpin\multi\gamesrc\release\m_move.obj
h:\kingpin\multi\gamesrc\release\m_bbox.obj
h:\kingpin\multi\gamesrc\release\kooglebot_spawn.obj
h:\kingpin\multi\gamesrc\release\kooglebot_nodes.obj
h:\kingpin\multi\gamesrc\release\kooglebot_movement.obj
h:\kingpin\multi\gamesrc\release\kooglebot_items.obj
h:\kingpin\multi\gamesrc\release\kooglebot_compress.obj
h:\kingpin\multi\gamesrc\release\kooglebot_cmds.obj
h:\kingpin\multi\gamesrc\release\kooglebot_ai.obj
h:\kingpin\multi\gamesrc\release\g_weapon.obj
h:\kingpin\multi\gamesrc\release\voice_punk.obj
h:\kingpin\multi\gamesrc\release\voice_bitch.obj
h:\kingpin\multi\gamesrc\release\gamex86.lib
h:\kingpin\multi\gamesrc\release\gamex86.exp
h:\kingpin\multi\gamex86.dll
h:\kingpin\multi\gamex86.pdb
h:\kingpin\multi\gamesrc\release\gamex86.res
h:\kingpin\multi\gamesrc\release\gamex86.tlog\cl.command.1.tlog
h:\kingpin\multi\gamesrc\release\gamex86.tlog\cl.read.1.tlog
h:\kingpin\multi\gamesrc\release\gamex86.tlog\cl.write.1.tlog
h:\kingpin\multi\gamesrc\release\gamex86.tlog\gamex86.write.1u.tlog
h:\kingpin\multi\gamesrc\release\gamex86.tlog\link.command.1.tlog
h:\kingpin\multi\gamesrc\release\gamex86.tlog\link.read.1.tlog
h:\kingpin\multi\gamesrc\release\gamex86.tlog\link.write.1.tlog
h:\kingpin\multi\gamesrc\release\gamex86.tlog\rc.command.1.tlog
h:\kingpin\multi\gamesrc\release\gamex86.tlog\rc.read.1.tlog
h:\kingpin\multi\gamesrc\release\gamex86.tlog\rc.write.1.tlog
